2022-04-29T07:41:48+00:00 CRITICAL Uncaught Error: Class 'Automattic\Jetpack\Sync\WP_Error' not found in /bitnami/wordpress/wp-content/plugins/jetpack/vendor/automattic/jetpack-sync/src/class-rest-sender.php:37
Stack trace:
#0 /bitnami/wordpress/wp-content/plugins/jetpack/vendor/automattic/jetpack-sync/src/class-rest-endpoints.php(580): Automattic\Jetpack\Sync\REST_Sender->queue_pull()
#1 /opt/bitnami/wordpress/wp-includes/rest-api/class-wp-rest-server.php(1141): Automattic\Jetpack\Sync\REST_Endpoints::checkout()
#2 /opt/bitnami/wordpress/wp-includes/rest-api/class-wp-rest-server.php(988): WP_REST_Server->respond_to_request()
#3 /opt/bitnami/wordpress/wp-includes/rest-api/class-wp-rest-server.php(414): WP_REST_Server->dispatch()
#4 /opt/bitnami/wordpress/wp-includes/rest-api.php(386): WP_REST_Server->serve_request()
#5 /opt/bitnami/wordpress/wp-includes/class-wp-hook.php(307): rest_api_loaded()
#6 /opt/bitnami/wordpress/wp-includes/class-wp-hook.php(331): WP_Hook->apply_filters()
#7 /opt/bitnami/wordpress/wp-includes/plugin.php(522): WP_Hook-> in /bitnami/wordpress/wp-content/plugins/jetpack/vendor/automattic/jetpack-sync/src/class-rest-sender.php on line 37

2022-04-29T20:38:48+00:00 CRITICAL Uncaught Error: Class 'Automattic\Jetpack\Sync\WP_Error' not found in /bitnami/wordpress/wp-content/plugins/jetpack/vendor/automattic/jetpack-sync/src/class-rest-sender.php:37
Stack trace:
#0 /bitnami/wordpress/wp-content/plugins/jetpack/vendor/automattic/jetpack-sync/src/class-rest-endpoints.php(580): Automattic\Jetpack\Sync\REST_Sender->queue_pull()
#1 /opt/bitnami/wordpress/wp-includes/rest-api/class-wp-rest-server.php(1141): Automattic\Jetpack\Sync\REST_Endpoints::checkout()
#2 /opt/bitnami/wordpress/wp-includes/rest-api/class-wp-rest-server.php(988): WP_REST_Server->respond_to_request()
#3 /opt/bitnami/wordpress/wp-includes/rest-api/class-wp-rest-server.php(414): WP_REST_Server->dispatch()
#4 /opt/bitnami/wordpress/wp-includes/rest-api.php(386): WP_REST_Server->serve_request()
#5 /opt/bitnami/wordpress/wp-includes/class-wp-hook.php(307): rest_api_loaded()
#6 /opt/bitnami/wordpress/wp-includes/class-wp-hook.php(331): WP_Hook->apply_filters()
#7 /opt/bitnami/wordpress/wp-includes/plugin.php(522): WP_Hook-> in /bitnami/wordpress/wp-content/plugins/jetpack/vendor/automattic/jetpack-sync/src/class-rest-sender.php on line 37

2022-04-29T22:09:48+00:00 CRITICAL Uncaught Error: Class 'Automattic\Jetpack\Sync\WP_Error' not found in /bitnami/wordpress/wp-content/plugins/jetpack/vendor/automattic/jetpack-sync/src/class-rest-sender.php:37
Stack trace:
#0 /bitnami/wordpress/wp-content/plugins/jetpack/vendor/automattic/jetpack-sync/src/class-rest-endpoints.php(580): Automattic\Jetpack\Sync\REST_Sender->queue_pull()
#1 /opt/bitnami/wordpress/wp-includes/rest-api/class-wp-rest-server.php(1141): Automattic\Jetpack\Sync\REST_Endpoints::checkout()
#2 /opt/bitnami/wordpress/wp-includes/rest-api/class-wp-rest-server.php(988): WP_REST_Server->respond_to_request()
#3 /opt/bitnami/wordpress/wp-includes/rest-api/class-wp-rest-server.php(414): WP_REST_Server->dispatch()
#4 /opt/bitnami/wordpress/wp-includes/rest-api.php(386): WP_REST_Server->serve_request()
#5 /opt/bitnami/wordpress/wp-includes/class-wp-hook.php(307): rest_api_loaded()
#6 /opt/bitnami/wordpress/wp-includes/class-wp-hook.php(331): WP_Hook->apply_filters()
#7 /opt/bitnami/wordpress/wp-includes/plugin.php(522): WP_Hook-> in /bitnami/wordpress/wp-content/plugins/jetpack/vendor/automattic/jetpack-sync/src/class-rest-sender.php on line 37

